<?xml version="1.0" encoding="UTF-8"?>
<coverage generated="1606833330799" clover="3.2.0">
  <project timestamp="1606833330799" name="All files">
    <metrics statements="17" coveredstatements="17" conditionals="10" coveredconditionals="7" methods="3" coveredmethods="3" elements="30" coveredelements="27" complexity="0" loc="17" ncloc="17" packages="1" files="3" classes="3"/>
    <file name="calculator.js" path="/Users/johanna/Desktop/CodemasterMaterial/CodeMasterGit/basic-of-programming/calculator.js">
      <metrics statements="7" coveredstatements="7" conditionals="0" coveredconditionals="0" methods="1" coveredmethods="1"/>
      <line num="11" count="1" type="stmt"/>
      <line num="12" count="1" type="stmt"/>
      <line num="13" count="1" type="stmt"/>
      <line num="14" count="2" type="stmt"/>
      <line num="15" count="2" type="stmt"/>
      <line num="17" count="1" type="stmt"/>
      <line num="20" count="1" type="stmt"/>
    </file>
    <file name="fizzbuzz.js" path="/Users/johanna/Desktop/CodemasterMaterial/CodeMasterGit/basic-of-programming/fizzbuzz.js">
      <metrics statements="6" coveredstatements="6" conditionals="8" coveredconditionals="5" methods="1" coveredmethods="1"/>
      <line num="4" count="3" type="stmt"/>
      <line num="5" count="3" type="cond" truecount="1" falsecount="1"/>
      <line num="6" count="3" type="cond" truecount="2" falsecount="0"/>
      <line num="8" count="3" type="cond" truecount="2" falsecount="2"/>
      <line num="10" count="3" type="stmt"/>
      <line num="13" count="1" type="stmt"/>
    </file>
    <file name="index.js" path="/Users/johanna/Desktop/CodemasterMaterial/CodeMasterGit/basic-of-programming/index.js">
      <metrics statements="4" coveredstatements="4" conditionals="2" coveredconditionals="2" methods="1" coveredmethods="1"/>
      <line num="8" count="3" type="cond" truecount="2" falsecount="0"/>
      <line num="9" count="1" type="stmt"/>
      <line num="11" count="2" type="stmt"/>
      <line num="15" count="1" type="stmt"/>
    </file>
  </project>
</coverage>
