TN:
SF:calculator.js
FN:8,calculate
FNF:1
FNH:1
FNDA:1,calculate
DA:11,1
DA:12,1
DA:13,1
DA:14,2
DA:15,2
DA:17,1
DA:20,1
LF:7
LH:7
BRF:0
BRH:0
end_of_record
TN:
SF:fizzbuzz.js
FN:3,fizzBuzz
FNF:1
FNH:1
FNDA:3,fizzBuzz
DA:4,3
DA:5,3
DA:6,3
DA:8,3
DA:10,3
DA:13,1
LF:6
LH:6
BRDA:5,0,0,3
BRDA:5,0,1,0
BRDA:6,1,0,2
BRDA:6,1,1,1
BRDA:8,2,0,0
BRDA:8,2,1,3
BRDA:8,3,0,3
BRDA:8,3,1,0
BRF:8
BRH:5
end_of_record
TN:
SF:index.js
FN:6,isMultiple
FNF:1
FNH:1
FNDA:3,isMultiple
DA:8,3
DA:9,1
DA:11,2
DA:15,1
LF:4
LH:4
BRDA:8,0,0,1
BRDA:8,0,1,2
BRF:2
BRH:2
end_of_record
